<?xml version="1.0" encoding="UTF-8"?>
<!-- Generated by org.testng.reporters.JUnitReportReporter -->
<testsuite hostname="DESKTOP-ASQT4MT" failures="0" tests="2" name="bandiacademy.Tests.ErrorValidationTest" time="15.900" errors="0" timestamp="2024-07-05T23:41:45 NZST" skipped="0">
  <testcase classname="bandiacademy.Tests.ErrorValidationTest" name="invalidCredentials" time="5.359"/>
  <system-out/>
  <testcase classname="bandiacademy.Tests.ErrorValidationTest" name="submitOrderInvalid" time="10.541"/>
  <system-out/>
</testsuite> <!-- bandiacademy.Tests.ErrorValidationTest -->
