<?xml version="1.0" encoding="UTF-8"?>
<!-- Generated by org.testng.reporters.JUnitReportReporter -->
<testsuite hostname="DESKTOP-ASQT4MT" failures="0" tests="3" name="cucumber.TestNGTestRunner" time="25.899" errors="0" timestamp="2024-07-06T16:38:43 NZST" skipped="0">
  <testcase classname="cucumber.TestNGTestRunner" name="runScenario" time="6.235"/>
  <system-out/>
  <testcase classname="cucumber.TestNGTestRunner" name="runScenario" time="9.924"/>
  <system-out/>
  <testcase classname="cucumber.TestNGTestRunner" name="runScenario" time="9.740"/>
  <system-out/>
</testsuite> <!-- cucumber.TestNGTestRunner -->
